<?xml version="1.0" encoding="UTF-8"?>
<testng-results skipped="0" failed="0" total="2" passed="2">
  <reporter-output>
  </reporter-output>
  <suite name="Suite" duration-ms="47" started-at="2017-06-27T17:34:25Z" finished-at="2017-06-27T17:34:25Z">
    <groups>
    </groups>
    <test name="Test" duration-ms="47" started-at="2017-06-27T17:34:25Z" finished-at="2017-06-27T17:34:25Z">
      <class name="crm.testcases.LoginTest">
        <test-method status="PASS" signature="f(java.lang.Integer, java.lang.String)[pri:0, instance:crm.testcases.LoginTest@55f3ddb1]" name="f" duration-ms="13" started-at="2017-06-27T23:04:25Z" data-provider="dp" finished-at="2017-06-27T23:04:25Z">
          <params>
            <param index="0">
              <value>
                <![CDATA[1]]>
              </value>
            </param>
            <param index="1">
              <value>
                <![CDATA[a]]>
              </value>
            </param>
          </params>
          <reporter-output>
          </reporter-output>
        </test-method> <!-- f -->
        <test-method status="PASS" signature="f(java.lang.Integer, java.lang.String)[pri:0, instance:crm.testcases.LoginTest@55f3ddb1]" name="f" duration-ms="6" started-at="2017-06-27T23:04:25Z" data-provider="dp" finished-at="2017-06-27T23:04:25Z">
          <params>
            <param index="0">
              <value>
                <![CDATA[2]]>
              </value>
            </param>
            <param index="1">
              <value>
                <![CDATA[b]]>
              </value>
            </param>
          </params>
          <reporter-output>
          </reporter-output>
        </test-method> <!-- f -->
      </class> <!-- crm.testcases.LoginTest -->
    </test> <!-- Test -->
  </suite> <!-- Suite -->
</testng-results>
